

<!DOCTYPE html>
<html>
<head>
<meta charset="utf-8">
<meta name="viewport" content="width=device-width, initial-scale=1, shrink-to-fit=no">
<title></title>
<link rel="apple-touch-icon" href="https://cdn.jsdelivr.net/gh/extent-framework/extent-github-cdn@b00a2d0486596e73dd7326beacf352c639623a0e/commons/img/logo.png">
<link rel="shortcut icon" href="https://cdn.jsdelivr.net/gh/extent-framework/extent-github-cdn@b00a2d0486596e73dd7326beacf352c639623a0e/commons/img/logo.png">
<link href="https://cdn.jsdelivr.net/gh/extent-framework/extent-github-cdn@c43b89d03a7c43dae8bb8f0f078bad1997af6b3b/spark/css/spark-style.css" rel="stylesheet" />
<link href="https://stackpath.bootstrapcdn.com/font-awesome/4.7.0/css/font-awesome.min.css" rel="stylesheet">
<script src="https://cdn.rawgit.com/extent-framework/extent-github-cdn/7cc78ce/spark/js/jsontree.js"></script>
<style type="text/css"></style></head><body class="spa bdd-report standard">
  <div class="app">
    <div class="layout">
<div class="header navbar">
<div class="vheader">
<div class="nav-logo">
<a href="#">
<div class="logo" style="background-image: url('https://cdn.jsdelivr.net/gh/extent-framework/extent-github-cdn@b00a2d0486596e73dd7326beacf352c639623a0e/commons/img/logo.png')"></div>
</a>
</div>
<ul class="nav-left">
<li class="search-box">
<a class="search-toggle" href="#">
<i class="search-icon fa fa-search"></i>
<i class="search-icon-close fa fa-close"></i>
</a>
</li>
<li class="search-input"><input id="search-tests" class="form-control" type="text" placeholder="Search..."></li>
</ul>
<ul class="nav-right">
<li class="m-r-10">
<a href="#"><span class="badge badge-primary"></span></a>
</li>
<li class="m-r-10">
<a href="#"><span class="badge badge-primary">Jul 16, 2023 10:27:47 PM</span></a>
</li>
</ul>
</div>
</div><div class="side-nav">
<div class="side-nav-inner">
<ul class="side-nav-menu">
<li class="nav-item dropdown" onclick="toggleView('test-view')">
<a id="nav-test" class="dropdown-toggle" href="#">
<span class="ico"><i class="fa fa-list"></i></span>
</a>
</li>
<li class="nav-item dropdown" onclick="toggleView('exception-view')">
<a id="nav-exception" class="dropdown-toggle" href="#">
<span class="ico"><i class="fa fa-bug"></i></span>
</a>
</li>
<li class="nav-item dropdown" onclick="toggleView('category-view')">
<a id="nav-category" class="dropdown-toggle" href="#">
<span class="ico"><i class="fa fa-tag"></i></span>
</a>
</li>
<li class="nav-item dropdown" onclick="toggleView('dashboard-view')">
<a id="nav-dashboard" class="dropdown-toggle" href="#">
<span class="ico"><i class="fa fa-bar-chart"></i></span>
</a>
</li>
</ul>
</div>
</div>      <div class="vcontainer">
        <div class="main-content">
<div class="test-wrapper row view test-view">
  <div class="test-list">
    <div class="test-list-tools">
<ul class="tools pull-left">
<li><a href="#"><span class="font-size-14">Tests</span></a></li>
</ul>
<ul class="tools text-right">
<li class="dropdown">
<a href="#" class="dropdown-toggle" data-toggle="dropdown"><i class="fa fa-exclamation-circle"></i></a>
<ul id="status-toggle" class="dropdown-menu dropdown-md p-v-0">
<a class="dropdown-item" status="fail" href="#"><span>Fail</span><span class="status danger"></span></a>
<div class="dropdown-divider"></div>
<a status="clear" class="dropdown-item" href="#"><span>Clear</span><span class="pull-right"><i class="fa fa-close"></i></span></a>
</ul>
</li>
<li class="dropdown">
<a href="#" class="dropdown-toggle" data-toggle="dropdown"><i class="fa fa-tag"></i></a>
<ul id="tag-toggle" class="dropdown-menu dropdown-md p-v-0">
<a class="dropdown-item" href="#">@tag3</a><a class="dropdown-item" href="#">@tag7</a><a class="dropdown-item" href="#">@tag9</a><a class="dropdown-item" href="#">@tag12</a><a class="dropdown-item" href="#">@tag6</a><a class="dropdown-item" href="#">@tag1</a><a class="dropdown-item" href="#">@tag4</a><a class="dropdown-item" href="#">@tag</a><a class="dropdown-item" href="#">@tag8</a><a class="dropdown-item" href="#">@tag10</a><a class="dropdown-item" href="#">@tag11</a>
</ul>
</li>
</ul>
</div>    <div class="test-list-wrapper scrollable">
      <ul class="test-list-item">
        <li class="test-item"  status="fail" test-id="1"
          author=""
          tag=""
          device="">
          <div class="test-detail">
            <p class="name">Check All Modules Functionality</p>
            <p class="text-sm">
              <span>22:27:53 PM</span> / <span>34:58:990</span>
              <span class="badge fail-bg log float-right">Fail</span>
            </p>
          </div>
          <div class="test-contents d-none">
<div class="detail-head">
<div class="p-v-10">
<div class="info">
<h5 class="test-status text-fail">Check All Modules Functionality</h5>
<span class='badge badge-success'>07.16.2023 22:27:53</span>
<span class='badge badge-danger'>07.16.2023 22:32:52</span>
<span class='badge badge-default'>34:58:990</span>
&middot; <span class='uri-anchor badge badge-default'>#test-id=1</span>
</div>
<div class="m-t-10 m-l-5"> As a new user
I want to logged in to app and check the Functions</div>
</div>
</div>
<div class="accordion mt-4">
  <div class="card">
    <div class="card-header" role="tab">
      <div class="card-title">
        <div class="node" id="2"><span class="badge log pass-bg mr-2">Pass</span>user verify the Reports_lnk Fun</div>
      </div>
    </div>
        <div class="collapse">
          <div class="card-body">
              <div class="step pass-bg" title="StepDefinition.ActiTimeSteps.user_launch_browser_as_per_req()">
                <span>Given User Launch Browser as per req</span>
      <div>
      </div>
              </div>
              <div class="step pass-bg" title="StepDefinition.ActiTimeSteps.user_launch_url()">
                <span>Given user Launch URL</span>
      <div>
      </div>
              </div>
              <div class="step pass-bg" title="StepDefinition.ActiTimeSteps.user_enters_logindetails()">
                <span>And user enters logindetails</span>
      <div>
      </div>
              </div>
              <div class="step pass-bg" title="StepDefinition.ActiTimeSteps.user_click_on_report_lnk()">
                <span>When user click on report_lnk</span>
      <div>
      </div>
              </div>
              <div class="step pass-bg" title="StepDefinition.ActiTimeSteps.user_able_to_view(java.lang.String)">
                <span>Then user able to view "Reports Dashboard"</span>
      <div>
      </div>
              </div>
              <div class="step pass-bg" title="StepDefinition.ActiTimeSteps.user_clicks_on_logout()">
                <span>And user clicks on logout</span>
      <div>
      </div>
              </div>
          </div>
        </div>
  </div>
  <div class="card">
    <div class="card-header" role="tab">
      <div class="card-title">
        <div class="node" id="10"><span class="badge log pass-bg mr-2">Pass</span>user verify the performance_Report generation in Reports_lnk Fun</div>
      </div>
    </div>
        <div class="collapse">
          <div class="card-body">
              <div class="step pass-bg" title="StepDefinition.ActiTimeSteps.user_launch_browser_as_per_req()">
                <span>Given User Launch Browser as per req</span>
      <div>
      </div>
              </div>
              <div class="step pass-bg" title="StepDefinition.ActiTimeSteps.user_launch_url()">
                <span>Given user Launch URL</span>
      <div>
      </div>
              </div>
              <div class="step pass-bg" title="StepDefinition.ActiTimeSteps.user_enters_logindetails()">
                <span>And user enters logindetails</span>
      <div>
      </div>
              </div>
              <div class="step pass-bg" title="StepDefinition.ActiTimeSteps.user_click_on_report_lnk()">
                <span>When user click on report_lnk</span>
      <div>
      </div>
              </div>
              <div class="step pass-bg" title="StepDefinition.ActiTimeSteps.user_click_newreport_lnk()">
                <span>When user click newreport_lnk</span>
      <div>
      </div>
              </div>
              <div class="step pass-bg" title="StepDefinition.ActiTimeSteps.user_click_on_staff_performance_under_time_reports()">
                <span>And user click on staff performance under TimeReports</span>
      <div>
      </div>
              </div>
              <div class="step pass-bg" title="StepDefinition.ActiTimeSteps.user_click_on_configure_report_parameters()">
                <span>And user click on configure Report Parameters</span>
      <div>
      </div>
              </div>
              <div class="step pass-bg" title="StepDefinition.ActiTimeSteps.user_on_page(java.lang.String)">
                <span>Then user on "Create Staff Performance Report" page</span>
      <div>
      </div>
              </div>
              <div class="step pass-bg" title="StepDefinition.ActiTimeSteps.user_clicks_on_generate_html_report()">
                <span>And user clicks on Generate Html report</span>
      <div>
      </div>
              </div>
              <div class="step pass-bg" title="StepDefinition.ActiTimeSteps.user_clicks_on_logout()">
                <span>And user clicks on logout</span>
      <div>
      </div>
              </div>
          </div>
        </div>
  </div>
  <div class="card">
    <div class="card-header" role="tab">
      <div class="card-title">
        <div class="node" id="22"><span class="badge log pass-bg mr-2">Pass</span>user verify the Users_lnk Fun</div>
      </div>
    </div>
        <div class="collapse">
          <div class="card-body">
              <div class="step pass-bg" title="StepDefinition.ActiTimeSteps.user_launch_browser_as_per_req()">
                <span>Given User Launch Browser as per req</span>
      <div>
      </div>
              </div>
              <div class="step pass-bg" title="StepDefinition.ActiTimeSteps.user_launch_url()">
                <span>Given user Launch URL</span>
      <div>
      </div>
              </div>
              <div class="step pass-bg" title="StepDefinition.ActiTimeSteps.user_enters_logindetails()">
                <span>And user enters logindetails</span>
      <div>
      </div>
              </div>
              <div class="step pass-bg" title="StepDefinition.ActiTimeSteps.user_click_on_users_lnk()">
                <span>When user click on users_lnk</span>
      <div>
      </div>
              </div>
              <div class="step pass-bg" title="StepDefinition.ActiTimeSteps.user_able_to_view_page(java.lang.String)">
                <span>Then user able to view "List of Users" page</span>
      <div>
      </div>
              </div>
              <div class="step pass-bg" title="StepDefinition.ActiTimeSteps.user_clicks_on_logout()">
                <span>And user clicks on logout</span>
      <div>
      </div>
              </div>
          </div>
        </div>
  </div>
  <div class="card">
    <div class="card-header" role="tab">
      <div class="card-title">
        <div class="node" id="30"><span class="badge log pass-bg mr-2">Pass</span>user verify the user can send invitation in Users_lnk Fun</div>
      </div>
    </div>
        <div class="collapse">
          <div class="card-body">
              <div class="step pass-bg" title="StepDefinition.ActiTimeSteps.user_launch_browser_as_per_req()">
                <span>Given User Launch Browser as per req</span>
      <div>
      </div>
              </div>
              <div class="step pass-bg" title="StepDefinition.ActiTimeSteps.user_launch_url()">
                <span>Given user Launch URL</span>
      <div>
      </div>
              </div>
              <div class="step pass-bg" title="StepDefinition.ActiTimeSteps.user_enters_logindetails()">
                <span>And user enters logindetails</span>
      <div>
      </div>
              </div>
              <div class="step pass-bg" title="StepDefinition.ActiTimeSteps.user_click_on_users_lnk()">
                <span>When user click on users_lnk</span>
      <div>
      </div>
              </div>
              <div class="step pass-bg" title="StepDefinition.ActiTimeSteps.user_clicks_on_new_user()">
                <span>And user clicks on newUser</span>
      <div>
      </div>
              </div>
              <div class="step pass-bg" title="StepDefinition.ActiTimeSteps.user_enters_data_and_and(java.lang.String,java.lang.String,java.lang.String)">
                <span>And user enters data "Madhu" and "sri" and "Madhu@gmail.com"</span>
      <div>
      </div>
              </div>
              <div class="step pass-bg" title="StepDefinition.ActiTimeSteps.user_clicks_on_send_invitation_btn()">
                <span>Then user clicks on send invitation_btn</span>
      <div>
      </div>
              </div>
              <div class="step pass-bg" title="StepDefinition.ActiTimeSteps.user_clicks_on_close_btn()">
                <span>And user clicks on close_btn</span>
      <div>
      </div>
              </div>
              <div class="step pass-bg" title="StepDefinition.ActiTimeSteps.user_clicks_on_logout()">
                <span>And user clicks on logout</span>
      <div>
      </div>
              </div>
          </div>
        </div>
  </div>
  <div class="card">
    <div class="card-header" role="tab">
      <div class="card-title">
        <div class="node" id="41"><span class="badge log pass-bg mr-2">Pass</span>user verify the Timetrack_lnk Fun</div>
      </div>
    </div>
        <div class="collapse">
          <div class="card-body">
              <div class="step pass-bg" title="StepDefinition.ActiTimeSteps.user_launch_browser_as_per_req()">
                <span>Given User Launch Browser as per req</span>
      <div>
      </div>
              </div>
              <div class="step pass-bg" title="StepDefinition.ActiTimeSteps.user_launch_url()">
                <span>Given user Launch URL</span>
      <div>
      </div>
              </div>
              <div class="step pass-bg" title="StepDefinition.ActiTimeSteps.user_enters_logindetails()">
                <span>And user enters logindetails</span>
      <div>
      </div>
              </div>
              <div class="step pass-bg" title="StepDefinition.ActiTimeSteps.user_click_on_time_track_lnk()">
                <span>When user click on TimeTrack_lnk</span>
      <div>
      </div>
              </div>
              <div class="step pass-bg" title="StepDefinition.ActiTimeSteps.user_click_on_switch_on_slider_btn()">
                <span>And user click on switch on slider_btn</span>
      <div>
      </div>
              </div>
              <div class="step pass-bg" title="StepDefinition.ActiTimeSteps.user_clicks_on_save_changes_btn()">
                <span>And user clicks on save changes_btn</span>
      <div>
      </div>
              </div>
              <div class="step pass-bg" title="StepDefinition.ActiTimeSteps.user_able_to_save_changes()">
                <span>Then user able to save changes</span>
      <div>
      </div>
              </div>
              <div class="step pass-bg" title="StepDefinition.ActiTimeSteps.user_clicks_on_logout()">
                <span>And user clicks on logout</span>
      <div>
      </div>
              </div>
          </div>
        </div>
  </div>
  <div class="card">
    <div class="card-header" role="tab">
      <div class="card-title">
        <div class="node" id="51"><span class="badge log pass-bg mr-2">Pass</span>user verify the Timetrack_lnk and cancel the Fun</div>
      </div>
    </div>
        <div class="collapse">
          <div class="card-body">
              <div class="step pass-bg" title="StepDefinition.ActiTimeSteps.user_launch_browser_as_per_req()">
                <span>Given User Launch Browser as per req</span>
      <div>
      </div>
              </div>
              <div class="step pass-bg" title="StepDefinition.ActiTimeSteps.user_launch_url()">
                <span>Given user Launch URL</span>
      <div>
      </div>
              </div>
              <div class="step pass-bg" title="StepDefinition.ActiTimeSteps.user_enters_logindetails()">
                <span>And user enters logindetails</span>
      <div>
      </div>
              </div>
              <div class="step pass-bg" title="StepDefinition.ActiTimeSteps.user_click_on_time_track_lnk()">
                <span>When user click on TimeTrack_lnk</span>
      <div>
      </div>
              </div>
              <div class="step pass-bg" title="StepDefinition.ActiTimeSteps.user_click_on_switch_on_slider_btn()">
                <span>And user click on switch on slider_btn</span>
      <div>
      </div>
              </div>
              <div class="step pass-bg" title="StepDefinition.ActiTimeSteps.user_clicks_on_cancel_btn()">
                <span>And user clicks on cancel_btn</span>
      <div>
      </div>
              </div>
              <div class="step pass-bg" title="StepDefinition.ActiTimeSteps.user_unable_to_save_changes()">
                <span>Then user unable to save changes</span>
      <div>
      </div>
              </div>
              <div class="step pass-bg" title="StepDefinition.ActiTimeSteps.user_clicks_on_logout()">
                <span>And user clicks on logout</span>
      <div>
      </div>
              </div>
          </div>
        </div>
  </div>
  <div class="card">
    <div class="card-header" role="tab">
      <div class="card-title">
        <div class="node" id="61"><span class="badge log fail-bg mr-2">Fail</span>user verify the Task_lnk Fun</div>
          <div class="status-avatar float-right mr-4">
            <i class="fa fa-paperclip"></i>
          </div>
      </div>
    </div>
        <div class="">
          <div class="card-body">
              <div class="step pass-bg" title="StepDefinition.ActiTimeSteps.user_launch_browser_as_per_req()">
                <span>Given User Launch Browser as per req</span>
      <div>
      </div>
              </div>
              <div class="step pass-bg" title="StepDefinition.ActiTimeSteps.user_launch_url()">
                <span>Given user Launch URL</span>
      <div>
      </div>
              </div>
              <div class="step pass-bg" title="StepDefinition.ActiTimeSteps.user_enters_logindetails()">
                <span>And user enters logindetails</span>
      <div>
      </div>
              </div>
              <div class="step pass-bg" title="StepDefinition.ActiTimeSteps.user_click_on_task_lnk()">
                <span>When user click on Task_lnk</span>
      <div>
      </div>
              </div>
              <div class="step fail-bg" title="StepDefinition.ActiTimeSteps.user_able_to_view(java.lang.String)">
                <span>Then user able to view "Customers & Projects"</span>
      <div>
        <textarea disabled class="code-block">org.openqa.selenium.NoSuchElementException: no such element: Unable to locate element: {"method":"xpath","selector":"//td[text()='Reports Dashboard']"}
  (Session info: chrome=114.0.5735.199)
For documentation on this error, please visit: https://www.seleniumhq.org/exceptions/no_such_element.html
Build info: version: '3.141.59', revision: 'e82be7d358', time: '2018-11-14T08:17:03'
System info: host: 'DESKTOP-BEH2CCO', ip: '192.168.0.143', os.name: 'Windows 10', os.arch: 'amd64', os.version: '10.0', java.version: '1.8.0_202'
Driver info: org.openqa.selenium.chrome.ChromeDriver
Capabilities {acceptInsecureCerts: false, browserName: chrome, browserVersion: 114.0.5735.199, chrome: {chromedriverVersion: 114.0.5735.90 (386bc09e8f4f..., userDataDir: C:\Users\MADHUS~1\AppData\L...}, goog:chromeOptions: {debuggerAddress: localhost:50277}, javascriptEnabled: true, networkConnectionEnabled: false, pageLoadStrategy: normal, platform: WINDOWS, platformName: WINDOWS, proxy: Proxy(), setWindowRect: true, strictFileInteractability: false, timeouts: {implicit: 0, pageLoad: 300000, script: 30000}, unhandledPromptBehavior: dismiss and notify, webauthn:extension:credBlob: true, webauthn:extension:largeBlob: true, webauthn:extension:minPinLength: true, webauthn:extension:prf: true, webauthn:virtualAuthenticators: true}
Session ID: 02cda341aebfc2600c80b679bf105a91
*** Element info: {Using=xpath, value=//td[text()='Reports Dashboard']}
	at sun.reflect.NativeConstructorAccessorImpl.newInstance0(Native Method)
	at sun.reflect.NativeConstructorAccessorImpl.newInstance(NativeConstructorAccessorImpl.java:62)
	at sun.reflect.DelegatingConstructorAccessorImpl.newInstance(DelegatingConstructorAccessorImpl.java:45)
	at java.lang.reflect.Constructor.newInstance(Constructor.java:423)
	at org.openqa.selenium.remote.http.W3CHttpResponseCodec.createException(W3CHttpResponseCodec.java:187)
	at org.openqa.selenium.remote.http.W3CHttpResponseCodec.decode(W3CHttpResponseCodec.java:122)
	at org.openqa.selenium.remote.http.W3CHttpResponseCodec.decode(W3CHttpResponseCodec.java:49)
	at org.openqa.selenium.remote.HttpCommandExecutor.execute(HttpCommandExecutor.java:158)
	at org.openqa.selenium.remote.service.DriverCommandExecutor.execute(DriverCommandExecutor.java:83)
	at org.openqa.selenium.remote.RemoteWebDriver.execute(RemoteWebDriver.java:552)
	at org.openqa.selenium.remote.RemoteWebDriver.findElement(RemoteWebDriver.java:323)
	at org.openqa.selenium.remote.RemoteWebDriver.findElementByXPath(RemoteWebDriver.java:428)
	at org.openqa.selenium.By$ByXPath.findElement(By.java:353)
	at org.openqa.selenium.remote.RemoteWebDriver.findElement(RemoteWebDriver.java:315)
	at org.openqa.selenium.support.pagefactory.DefaultElementLocator.findElement(DefaultElementLocator.java:69)
	at org.openqa.selenium.support.pagefactory.internal.LocatingElementHandler.invoke(LocatingElementHandler.java:38)
	at com.sun.proxy.$Proxy20.isDisplayed(Unknown Source)
	at com.WebElements.ActiTimepage.ValidateReport_pagetxt(ActiTimepage.java:102)
	at StepDefinition.ActiTimeSteps.user_able_to_view(ActiTimeSteps.java:47)
	at ✽.user able to view "Customers & Projects"(file:///C:/Users/MadhusriChoppa/eclipse-workspace/Ecllipse_oxygen/BDDFramework_ActitimeSite/Features/ActiTime_site.feature:73)
</textarea>
      
      </div>
              </div>
              <div class="step skip-bg" title="StepDefinition.ActiTimeSteps.user_clicks_on_logout()">
                <span>And user clicks on logout</span>
      <div>Step skipped
      </div>
              </div>
              <div class="step pass-bg" >
                <span>Hooks.MyHooks.screenshot(io.cucumber.java.Scenario)</span>
      <div>
          <div class="row mb-3"><div class="col-md-3">
    <img data-featherlight='../embedded1.png' src="../embedded1.png">
    
    </div></div>
</div>
              </div>
          </div>
        </div>
  </div>
  <div class="card">
    <div class="card-header" role="tab">
      <div class="card-title">
        <div class="node" id="69"><span class="badge log fail-bg mr-2">Fail</span>user verify the Task_lnk search Fun</div>
          <div class="status-avatar float-right mr-4">
            <i class="fa fa-paperclip"></i>
          </div>
      </div>
    </div>
        <div class="">
          <div class="card-body">
              <div class="step pass-bg" title="StepDefinition.ActiTimeSteps.user_launch_browser_as_per_req()">
                <span>Given User Launch Browser as per req</span>
      <div>
      </div>
              </div>
              <div class="step pass-bg" title="StepDefinition.ActiTimeSteps.user_launch_url()">
                <span>Given user Launch URL</span>
      <div>
      </div>
              </div>
              <div class="step fail-bg" title="StepDefinition.ActiTimeSteps.user_enters_logindetails()">
                <span>And user enters logindetails</span>
      <div>
        <textarea disabled class="code-block">org.openqa.selenium.NoSuchElementException: no such element: Unable to locate element: {"method":"css selector","selector":"*[name='username']"}
  (Session info: chrome=114.0.5735.199)
For documentation on this error, please visit: https://www.seleniumhq.org/exceptions/no_such_element.html
Build info: version: '3.141.59', revision: 'e82be7d358', time: '2018-11-14T08:17:03'
System info: host: 'DESKTOP-BEH2CCO', ip: '192.168.0.143', os.name: 'Windows 10', os.arch: 'amd64', os.version: '10.0', java.version: '1.8.0_202'
Driver info: org.openqa.selenium.chrome.ChromeDriver
Capabilities {acceptInsecureCerts: false, browserName: chrome, browserVersion: 114.0.5735.199, chrome: {chromedriverVersion: 114.0.5735.90 (386bc09e8f4f..., userDataDir: C:\Users\MADHUS~1\AppData\L...}, goog:chromeOptions: {debuggerAddress: localhost:50277}, javascriptEnabled: true, networkConnectionEnabled: false, pageLoadStrategy: normal, platform: WINDOWS, platformName: WINDOWS, proxy: Proxy(), setWindowRect: true, strictFileInteractability: false, timeouts: {implicit: 0, pageLoad: 300000, script: 30000}, unhandledPromptBehavior: dismiss and notify, webauthn:extension:credBlob: true, webauthn:extension:largeBlob: true, webauthn:extension:minPinLength: true, webauthn:extension:prf: true, webauthn:virtualAuthenticators: true}
Session ID: 02cda341aebfc2600c80b679bf105a91
*** Element info: {Using=name, value=username}
	at sun.reflect.NativeConstructorAccessorImpl.newInstance0(Native Method)
	at sun.reflect.NativeConstructorAccessorImpl.newInstance(NativeConstructorAccessorImpl.java:62)
	at sun.reflect.DelegatingConstructorAccessorImpl.newInstance(DelegatingConstructorAccessorImpl.java:45)
	at java.lang.reflect.Constructor.newInstance(Constructor.java:423)
	at org.openqa.selenium.remote.http.W3CHttpResponseCodec.createException(W3CHttpResponseCodec.java:187)
	at org.openqa.selenium.remote.http.W3CHttpResponseCodec.decode(W3CHttpResponseCodec.java:122)
	at org.openqa.selenium.remote.http.W3CHttpResponseCodec.decode(W3CHttpResponseCodec.java:49)
	at org.openqa.selenium.remote.HttpCommandExecutor.execute(HttpCommandExecutor.java:158)
	at org.openqa.selenium.remote.service.DriverCommandExecutor.execute(DriverCommandExecutor.java:83)
	at org.openqa.selenium.remote.RemoteWebDriver.execute(RemoteWebDriver.java:552)
	at org.openqa.selenium.remote.RemoteWebDriver.findElement(RemoteWebDriver.java:323)
	at org.openqa.selenium.remote.RemoteWebDriver.findElementByName(RemoteWebDriver.java:404)
	at org.openqa.selenium.By$ByName.findElement(By.java:284)
	at org.openqa.selenium.remote.RemoteWebDriver.findElement(RemoteWebDriver.java:315)
	at org.openqa.selenium.support.pagefactory.DefaultElementLocator.findElement(DefaultElementLocator.java:69)
	at org.openqa.selenium.support.pagefactory.internal.LocatingElementHandler.invoke(LocatingElementHandler.java:38)
	at com.sun.proxy.$Proxy20.sendKeys(Unknown Source)
	at com.WebElements.ActiTimepage.loginFun(ActiTimepage.java:85)
	at StepDefinition.ActiTimeSteps.user_enters_logindetails(ActiTimeSteps.java:33)
	at ✽.user enters logindetails(file:///C:/Users/MadhusriChoppa/eclipse-workspace/Ecllipse_oxygen/BDDFramework_ActitimeSite/Features/ActiTime_site.feature:79)
</textarea>
      
      </div>
              </div>
              <div class="step skip-bg" title="StepDefinition.ActiTimeSteps.user_click_on_task_lnk()">
                <span>When user click on Task_lnk</span>
      <div>Step skipped
      </div>
              </div>
              <div class="step skip-bg" title="StepDefinition.ActiTimeSteps.user_clicks_on_search_box()">
                <span>And user clicks on searchBox</span>
      <div>Step skipped
      </div>
              </div>
              <div class="step skip-bg" title="StepDefinition.ActiTimeSteps.user_enter_search_data()">
                <span>And user enter searchData</span>
      <div>Step skipped
      </div>
              </div>
              <div class="step skip-bg" title="StepDefinition.ActiTimeSteps.user_able_find_search_related_data()">
                <span>Then user able find search related Data</span>
      <div>Step skipped
      </div>
              </div>
              <div class="step skip-bg" title="StepDefinition.ActiTimeSteps.user_clicks_on_logout()">
                <span>And user clicks on logout</span>
      <div>Step skipped
      </div>
              </div>
              <div class="step pass-bg" >
                <span>Hooks.MyHooks.screenshot(io.cucumber.java.Scenario)</span>
      <div>
          <div class="row mb-3"><div class="col-md-3">
    <img data-featherlight='../embedded2.png' src="../embedded2.png">
    
    </div></div>
</div>
              </div>
          </div>
        </div>
  </div>
  <div class="card">
    <div class="card-header" role="tab">
      <div class="card-title">
        <div class="node" id="79"><span class="badge log fail-bg mr-2">Fail</span>user verify logo</div>
          <div class="status-avatar float-right mr-4">
            <i class="fa fa-paperclip"></i>
          </div>
      </div>
    </div>
        <div class="">
          <div class="card-body">
              <div class="step pass-bg" title="StepDefinition.ActiTimeSteps.user_launch_browser_as_per_req()">
                <span>Given User Launch Browser as per req</span>
      <div>
      </div>
              </div>
              <div class="step pass-bg" title="StepDefinition.ActiTimeSteps.user_launch_url()">
                <span>Given user Launch URL</span>
      <div>
      </div>
              </div>
              <div class="step fail-bg" title="StepDefinition.ActiTimeSteps.user_enters_logindetails()">
                <span>And user enters logindetails</span>
      <div>
        <textarea disabled class="code-block">org.openqa.selenium.NoSuchElementException: no such element: Unable to locate element: {"method":"css selector","selector":"*[name='username']"}
  (Session info: chrome=114.0.5735.199)
For documentation on this error, please visit: https://www.seleniumhq.org/exceptions/no_such_element.html
Build info: version: '3.141.59', revision: 'e82be7d358', time: '2018-11-14T08:17:03'
System info: host: 'DESKTOP-BEH2CCO', ip: '192.168.0.143', os.name: 'Windows 10', os.arch: 'amd64', os.version: '10.0', java.version: '1.8.0_202'
Driver info: org.openqa.selenium.chrome.ChromeDriver
Capabilities {acceptInsecureCerts: false, browserName: chrome, browserVersion: 114.0.5735.199, chrome: {chromedriverVersion: 114.0.5735.90 (386bc09e8f4f..., userDataDir: C:\Users\MADHUS~1\AppData\L...}, goog:chromeOptions: {debuggerAddress: localhost:50277}, javascriptEnabled: true, networkConnectionEnabled: false, pageLoadStrategy: normal, platform: WINDOWS, platformName: WINDOWS, proxy: Proxy(), setWindowRect: true, strictFileInteractability: false, timeouts: {implicit: 0, pageLoad: 300000, script: 30000}, unhandledPromptBehavior: dismiss and notify, webauthn:extension:credBlob: true, webauthn:extension:largeBlob: true, webauthn:extension:minPinLength: true, webauthn:extension:prf: true, webauthn:virtualAuthenticators: true}
Session ID: 02cda341aebfc2600c80b679bf105a91
*** Element info: {Using=name, value=username}
	at sun.reflect.NativeConstructorAccessorImpl.newInstance0(Native Method)
	at sun.reflect.NativeConstructorAccessorImpl.newInstance(NativeConstructorAccessorImpl.java:62)
	at sun.reflect.DelegatingConstructorAccessorImpl.newInstance(DelegatingConstructorAccessorImpl.java:45)
	at java.lang.reflect.Constructor.newInstance(Constructor.java:423)
	at org.openqa.selenium.remote.http.W3CHttpResponseCodec.createException(W3CHttpResponseCodec.java:187)
	at org.openqa.selenium.remote.http.W3CHttpResponseCodec.decode(W3CHttpResponseCodec.java:122)
	at org.openqa.selenium.remote.http.W3CHttpResponseCodec.decode(W3CHttpResponseCodec.java:49)
	at org.openqa.selenium.remote.HttpCommandExecutor.execute(HttpCommandExecutor.java:158)
	at org.openqa.selenium.remote.service.DriverCommandExecutor.execute(DriverCommandExecutor.java:83)
	at org.openqa.selenium.remote.RemoteWebDriver.execute(RemoteWebDriver.java:552)
	at org.openqa.selenium.remote.RemoteWebDriver.findElement(RemoteWebDriver.java:323)
	at org.openqa.selenium.remote.RemoteWebDriver.findElementByName(RemoteWebDriver.java:404)
	at org.openqa.selenium.By$ByName.findElement(By.java:284)
	at org.openqa.selenium.remote.RemoteWebDriver.findElement(RemoteWebDriver.java:315)
	at org.openqa.selenium.support.pagefactory.DefaultElementLocator.findElement(DefaultElementLocator.java:69)
	at org.openqa.selenium.support.pagefactory.internal.LocatingElementHandler.invoke(LocatingElementHandler.java:38)
	at com.sun.proxy.$Proxy20.sendKeys(Unknown Source)
	at com.WebElements.ActiTimepage.loginFun(ActiTimepage.java:85)
	at StepDefinition.ActiTimeSteps.user_enters_logindetails(ActiTimeSteps.java:33)
	at ✽.user enters logindetails(file:///C:/Users/MadhusriChoppa/eclipse-workspace/Ecllipse_oxygen/BDDFramework_ActitimeSite/Features/ActiTime_site.feature:90)
</textarea>
      
      </div>
              </div>
              <div class="step skip-bg" title="StepDefinition.ActiTimeSteps.user_validate_logo()">
                <span>Then user Validate logo</span>
      <div>Step skipped
      </div>
              </div>
              <div class="step skip-bg" title="StepDefinition.ActiTimeSteps.user_clicks_on_logout()">
                <span>And user clicks on logout</span>
      <div>Step skipped
      </div>
              </div>
              <div class="step pass-bg" >
                <span>Hooks.MyHooks.screenshot(io.cucumber.java.Scenario)</span>
      <div>
          <div class="row mb-3"><div class="col-md-3">
    <img data-featherlight='../embedded3.png' src="../embedded3.png">
    
    </div></div>
</div>
              </div>
          </div>
        </div>
  </div>
  <div class="card">
    <div class="card-header" role="tab">
      <div class="card-title">
        <div class="node" id="86"><span class="badge log fail-bg mr-2">Fail</span>user checks the Notification</div>
          <div class="status-avatar float-right mr-4">
            <i class="fa fa-paperclip"></i>
          </div>
      </div>
    </div>
        <div class="">
          <div class="card-body">
              <div class="step pass-bg" title="StepDefinition.ActiTimeSteps.user_launch_browser_as_per_req()">
                <span>Given User Launch Browser as per req</span>
      <div>
      </div>
              </div>
              <div class="step pass-bg" title="StepDefinition.ActiTimeSteps.user_launch_url()">
                <span>Given user Launch URL</span>
      <div>
      </div>
              </div>
              <div class="step fail-bg" title="StepDefinition.ActiTimeSteps.user_enters_logindetails()">
                <span>And user enters logindetails</span>
      <div>
        <textarea disabled class="code-block">org.openqa.selenium.NoSuchElementException: no such element: Unable to locate element: {"method":"css selector","selector":"*[name='username']"}
  (Session info: chrome=114.0.5735.199)
For documentation on this error, please visit: https://www.seleniumhq.org/exceptions/no_such_element.html
Build info: version: '3.141.59', revision: 'e82be7d358', time: '2018-11-14T08:17:03'
System info: host: 'DESKTOP-BEH2CCO', ip: '192.168.0.143', os.name: 'Windows 10', os.arch: 'amd64', os.version: '10.0', java.version: '1.8.0_202'
Driver info: org.openqa.selenium.chrome.ChromeDriver
Capabilities {acceptInsecureCerts: false, browserName: chrome, browserVersion: 114.0.5735.199, chrome: {chromedriverVersion: 114.0.5735.90 (386bc09e8f4f..., userDataDir: C:\Users\MADHUS~1\AppData\L...}, goog:chromeOptions: {debuggerAddress: localhost:50277}, javascriptEnabled: true, networkConnectionEnabled: false, pageLoadStrategy: normal, platform: WINDOWS, platformName: WINDOWS, proxy: Proxy(), setWindowRect: true, strictFileInteractability: false, timeouts: {implicit: 0, pageLoad: 300000, script: 30000}, unhandledPromptBehavior: dismiss and notify, webauthn:extension:credBlob: true, webauthn:extension:largeBlob: true, webauthn:extension:minPinLength: true, webauthn:extension:prf: true, webauthn:virtualAuthenticators: true}
Session ID: 02cda341aebfc2600c80b679bf105a91
*** Element info: {Using=name, value=username}
	at sun.reflect.NativeConstructorAccessorImpl.newInstance0(Native Method)
	at sun.reflect.NativeConstructorAccessorImpl.newInstance(NativeConstructorAccessorImpl.java:62)
	at sun.reflect.DelegatingConstructorAccessorImpl.newInstance(DelegatingConstructorAccessorImpl.java:45)
	at java.lang.reflect.Constructor.newInstance(Constructor.java:423)
	at org.openqa.selenium.remote.http.W3CHttpResponseCodec.createException(W3CHttpResponseCodec.java:187)
	at org.openqa.selenium.remote.http.W3CHttpResponseCodec.decode(W3CHttpResponseCodec.java:122)
	at org.openqa.selenium.remote.http.W3CHttpResponseCodec.decode(W3CHttpResponseCodec.java:49)
	at org.openqa.selenium.remote.HttpCommandExecutor.execute(HttpCommandExecutor.java:158)
	at org.openqa.selenium.remote.service.DriverCommandExecutor.execute(DriverCommandExecutor.java:83)
	at org.openqa.selenium.remote.RemoteWebDriver.execute(RemoteWebDriver.java:552)
	at org.openqa.selenium.remote.RemoteWebDriver.findElement(RemoteWebDriver.java:323)
	at org.openqa.selenium.remote.RemoteWebDriver.findElementByName(RemoteWebDriver.java:404)
	at org.openqa.selenium.By$ByName.findElement(By.java:284)
	at org.openqa.selenium.remote.RemoteWebDriver.findElement(RemoteWebDriver.java:315)
	at org.openqa.selenium.support.pagefactory.DefaultElementLocator.findElement(DefaultElementLocator.java:69)
	at org.openqa.selenium.support.pagefactory.internal.LocatingElementHandler.invoke(LocatingElementHandler.java:38)
	at com.sun.proxy.$Proxy20.sendKeys(Unknown Source)
	at com.WebElements.ActiTimepage.loginFun(ActiTimepage.java:85)
	at StepDefinition.ActiTimeSteps.user_enters_logindetails(ActiTimeSteps.java:33)
	at ✽.user enters logindetails(file:///C:/Users/MadhusriChoppa/eclipse-workspace/Ecllipse_oxygen/BDDFramework_ActitimeSite/Features/ActiTime_site.feature:97)
</textarea>
      
      </div>
              </div>
              <div class="step skip-bg" title="StepDefinition.ActiTimeSteps.user_clicks_on_setting_lnk()">
                <span>When user clicks on setting_lnk</span>
      <div>Step skipped
      </div>
              </div>
              <div class="step skip-bg" title="StepDefinition.ActiTimeSteps.user_clicks_on_notification_lnk()">
                <span>And user clicks on Notification_lnk</span>
      <div>Step skipped
      </div>
              </div>
              <div class="step skip-bg" title="StepDefinition.ActiTimeSteps.user_able_to_view(java.lang.String)">
                <span>Then user able to view "Email Notifications"</span>
      <div>Step skipped
      </div>
              </div>
              <div class="step skip-bg" title="StepDefinition.ActiTimeSteps.user_navigates_back_to_home()">
                <span>And user Navigates Back to home</span>
      <div>Step skipped
      </div>
              </div>
              <div class="step skip-bg" title="StepDefinition.ActiTimeSteps.user_clicks_on_logout()">
                <span>And user clicks on logout</span>
      <div>Step skipped
      </div>
              </div>
              <div class="step pass-bg" >
                <span>Hooks.MyHooks.screenshot(io.cucumber.java.Scenario)</span>
      <div>
          <div class="row mb-3"><div class="col-md-3">
    <img data-featherlight='../embedded4.png' src="../embedded4.png">
    
    </div></div>
</div>
              </div>
          </div>
        </div>
  </div>
  <div class="card">
    <div class="card-header" role="tab">
      <div class="card-title">
        <div class="node" id="96"><span class="badge log fail-bg mr-2">Fail</span>user checks Profile</div>
          <div class="status-avatar float-right mr-4">
            <i class="fa fa-paperclip"></i>
          </div>
      </div>
    </div>
        <div class="">
          <div class="card-body">
              <div class="step pass-bg" title="StepDefinition.ActiTimeSteps.user_launch_browser_as_per_req()">
                <span>Given User Launch Browser as per req</span>
      <div>
      </div>
              </div>
              <div class="step pass-bg" title="StepDefinition.ActiTimeSteps.user_launch_url()">
                <span>Given user Launch URL</span>
      <div>
      </div>
              </div>
              <div class="step fail-bg" title="StepDefinition.ActiTimeSteps.user_enters_logindetails()">
                <span>And user enters logindetails</span>
      <div>
        <textarea disabled class="code-block">org.openqa.selenium.NoSuchElementException: no such element: Unable to locate element: {"method":"css selector","selector":"*[name='username']"}
  (Session info: chrome=114.0.5735.199)
For documentation on this error, please visit: https://www.seleniumhq.org/exceptions/no_such_element.html
Build info: version: '3.141.59', revision: 'e82be7d358', time: '2018-11-14T08:17:03'
System info: host: 'DESKTOP-BEH2CCO', ip: '192.168.0.143', os.name: 'Windows 10', os.arch: 'amd64', os.version: '10.0', java.version: '1.8.0_202'
Driver info: org.openqa.selenium.chrome.ChromeDriver
Capabilities {acceptInsecureCerts: false, browserName: chrome, browserVersion: 114.0.5735.199, chrome: {chromedriverVersion: 114.0.5735.90 (386bc09e8f4f..., userDataDir: C:\Users\MADHUS~1\AppData\L...}, goog:chromeOptions: {debuggerAddress: localhost:50277}, javascriptEnabled: true, networkConnectionEnabled: false, pageLoadStrategy: normal, platform: WINDOWS, platformName: WINDOWS, proxy: Proxy(), setWindowRect: true, strictFileInteractability: false, timeouts: {implicit: 0, pageLoad: 300000, script: 30000}, unhandledPromptBehavior: dismiss and notify, webauthn:extension:credBlob: true, webauthn:extension:largeBlob: true, webauthn:extension:minPinLength: true, webauthn:extension:prf: true, webauthn:virtualAuthenticators: true}
Session ID: 02cda341aebfc2600c80b679bf105a91
*** Element info: {Using=name, value=username}
	at sun.reflect.NativeConstructorAccessorImpl.newInstance0(Native Method)
	at sun.reflect.NativeConstructorAccessorImpl.newInstance(NativeConstructorAccessorImpl.java:62)
	at sun.reflect.DelegatingConstructorAccessorImpl.newInstance(DelegatingConstructorAccessorImpl.java:45)
	at java.lang.reflect.Constructor.newInstance(Constructor.java:423)
	at org.openqa.selenium.remote.http.W3CHttpResponseCodec.createException(W3CHttpResponseCodec.java:187)
	at org.openqa.selenium.remote.http.W3CHttpResponseCodec.decode(W3CHttpResponseCodec.java:122)
	at org.openqa.selenium.remote.http.W3CHttpResponseCodec.decode(W3CHttpResponseCodec.java:49)
	at org.openqa.selenium.remote.HttpCommandExecutor.execute(HttpCommandExecutor.java:158)
	at org.openqa.selenium.remote.service.DriverCommandExecutor.execute(DriverCommandExecutor.java:83)
	at org.openqa.selenium.remote.RemoteWebDriver.execute(RemoteWebDriver.java:552)
	at org.openqa.selenium.remote.RemoteWebDriver.findElement(RemoteWebDriver.java:323)
	at org.openqa.selenium.remote.RemoteWebDriver.findElementByName(RemoteWebDriver.java:404)
	at org.openqa.selenium.By$ByName.findElement(By.java:284)
	at org.openqa.selenium.remote.RemoteWebDriver.findElement(RemoteWebDriver.java:315)
	at org.openqa.selenium.support.pagefactory.DefaultElementLocator.findElement(DefaultElementLocator.java:69)
	at org.openqa.selenium.support.pagefactory.internal.LocatingElementHandler.invoke(LocatingElementHandler.java:38)
	at com.sun.proxy.$Proxy20.sendKeys(Unknown Source)
	at com.WebElements.ActiTimepage.loginFun(ActiTimepage.java:85)
	at StepDefinition.ActiTimeSteps.user_enters_logindetails(ActiTimeSteps.java:33)
	at ✽.user enters logindetails(file:///C:/Users/MadhusriChoppa/eclipse-workspace/Ecllipse_oxygen/BDDFramework_ActitimeSite/Features/ActiTime_site.feature:107)
</textarea>
      
      </div>
              </div>
              <div class="step skip-bg" title="StepDefinition.ActiTimeSteps.user_clicks_on_profile()">
                <span>When user clicks on profile</span>
      <div>Step skipped
      </div>
              </div>
              <div class="step skip-bg" title="StepDefinition.ActiTimeSteps.user_able_to_view_MyProfile(java.lang.String)">
                <span>Then user able to view MyProfile "My Profile"</span>
      <div>Step skipped
      </div>
              </div>
              <div class="step skip-bg" title="StepDefinition.ActiTimeSteps.user_close_the_profile()">
                <span>And user close the profile</span>
      <div>Step skipped
      </div>
              </div>
              <div class="step skip-bg" title="StepDefinition.ActiTimeSteps.user_clicks_on_logout()">
                <span>And user clicks on logout</span>
      <div>Step skipped
      </div>
              </div>
              <div class="step pass-bg" >
                <span>Hooks.MyHooks.screenshot(io.cucumber.java.Scenario)</span>
      <div>
          <div class="row mb-3"><div class="col-md-3">
    <img data-featherlight='../embedded5.png' src="../embedded5.png">
    
    </div></div>
</div>
              </div>
          </div>
        </div>
  </div>
  <div class="card">
    <div class="card-header" role="tab">
      <div class="card-title">
        <div class="node" id="105"><span class="badge log fail-bg mr-2">Fail</span>user Logout From the App</div>
          <div class="status-avatar float-right mr-4">
            <i class="fa fa-paperclip"></i>
          </div>
      </div>
    </div>
        <div class="">
          <div class="card-body">
              <div class="step pass-bg" title="StepDefinition.ActiTimeSteps.user_launch_browser_as_per_req()">
                <span>Given User Launch Browser as per req</span>
      <div>
      </div>
              </div>
              <div class="step pass-bg" title="StepDefinition.ActiTimeSteps.user_launch_url()">
                <span>Given user Launch URL</span>
      <div>
      </div>
              </div>
              <div class="step fail-bg" title="StepDefinition.ActiTimeSteps.user_enters_logindetails()">
                <span>And user enters logindetails</span>
      <div>
        <textarea disabled class="code-block">org.openqa.selenium.NoSuchElementException: no such element: Unable to locate element: {"method":"css selector","selector":"*[name='username']"}
  (Session info: chrome=114.0.5735.199)
For documentation on this error, please visit: https://www.seleniumhq.org/exceptions/no_such_element.html
Build info: version: '3.141.59', revision: 'e82be7d358', time: '2018-11-14T08:17:03'
System info: host: 'DESKTOP-BEH2CCO', ip: '192.168.0.143', os.name: 'Windows 10', os.arch: 'amd64', os.version: '10.0', java.version: '1.8.0_202'
Driver info: org.openqa.selenium.chrome.ChromeDriver
Capabilities {acceptInsecureCerts: false, browserName: chrome, browserVersion: 114.0.5735.199, chrome: {chromedriverVersion: 114.0.5735.90 (386bc09e8f4f..., userDataDir: C:\Users\MADHUS~1\AppData\L...}, goog:chromeOptions: {debuggerAddress: localhost:50277}, javascriptEnabled: true, networkConnectionEnabled: false, pageLoadStrategy: normal, platform: WINDOWS, platformName: WINDOWS, proxy: Proxy(), setWindowRect: true, strictFileInteractability: false, timeouts: {implicit: 0, pageLoad: 300000, script: 30000}, unhandledPromptBehavior: dismiss and notify, webauthn:extension:credBlob: true, webauthn:extension:largeBlob: true, webauthn:extension:minPinLength: true, webauthn:extension:prf: true, webauthn:virtualAuthenticators: true}
Session ID: 02cda341aebfc2600c80b679bf105a91
*** Element info: {Using=name, value=username}
	at sun.reflect.NativeConstructorAccessorImpl.newInstance0(Native Method)
	at sun.reflect.NativeConstructorAccessorImpl.newInstance(NativeConstructorAccessorImpl.java:62)
	at sun.reflect.DelegatingConstructorAccessorImpl.newInstance(DelegatingConstructorAccessorImpl.java:45)
	at java.lang.reflect.Constructor.newInstance(Constructor.java:423)
	at org.openqa.selenium.remote.http.W3CHttpResponseCodec.createException(W3CHttpResponseCodec.java:187)
	at org.openqa.selenium.remote.http.W3CHttpResponseCodec.decode(W3CHttpResponseCodec.java:122)
	at org.openqa.selenium.remote.http.W3CHttpResponseCodec.decode(W3CHttpResponseCodec.java:49)
	at org.openqa.selenium.remote.HttpCommandExecutor.execute(HttpCommandExecutor.java:158)
	at org.openqa.selenium.remote.service.DriverCommandExecutor.execute(DriverCommandExecutor.java:83)
	at org.openqa.selenium.remote.RemoteWebDriver.execute(RemoteWebDriver.java:552)
	at org.openqa.selenium.remote.RemoteWebDriver.findElement(RemoteWebDriver.java:323)
	at org.openqa.selenium.remote.RemoteWebDriver.findElementByName(RemoteWebDriver.java:404)
	at org.openqa.selenium.By$ByName.findElement(By.java:284)
	at org.openqa.selenium.remote.RemoteWebDriver.findElement(RemoteWebDriver.java:315)
	at org.openqa.selenium.support.pagefactory.DefaultElementLocator.findElement(DefaultElementLocator.java:69)
	at org.openqa.selenium.support.pagefactory.internal.LocatingElementHandler.invoke(LocatingElementHandler.java:38)
	at com.sun.proxy.$Proxy20.sendKeys(Unknown Source)
	at com.WebElements.ActiTimepage.loginFun(ActiTimepage.java:85)
	at StepDefinition.ActiTimeSteps.user_enters_logindetails(ActiTimeSteps.java:33)
	at ✽.user enters logindetails(file:///C:/Users/MadhusriChoppa/eclipse-workspace/Ecllipse_oxygen/BDDFramework_ActitimeSite/Features/ActiTime_site.feature:116)
</textarea>
      
      </div>
              </div>
              <div class="step skip-bg" title="StepDefinition.ActiTimeSteps.user_clicks_on_logout()">
                <span>When user clicks on logout</span>
      <div>Step skipped
      </div>
              </div>
              <div class="step skip-bg" title="StepDefinition.ActiTimeSteps.user_able_to_logout()">
                <span>Then user able to logout</span>
      <div>Step skipped
      </div>
              </div>
              <div class="step pass-bg" >
                <span>Hooks.MyHooks.screenshot(io.cucumber.java.Scenario)</span>
      <div>
          <div class="row mb-3"><div class="col-md-3">
    <img data-featherlight='../embedded6.png' src="../embedded6.png">
    
    </div></div>
</div>
              </div>
          </div>
        </div>
  </div>
</div>
          </div>
        </li>
        <li class="test-item"  status="fail" test-id="112"
          author=""
          tag="@tag"
          device="">
          <div class="test-detail">
            <p class="name">Login functionality</p>
            <p class="text-sm">
              <span>22:32:52 PM</span> / <span>31:10:337</span>
              <span class="badge fail-bg log float-right">Fail</span>
            </p>
          </div>
          <div class="test-contents d-none">
<div class="detail-head">
<div class="p-v-10">
<div class="info">
<h5 class="test-status text-fail">Login functionality</h5>
<span class='badge badge-success'>07.16.2023 22:32:52</span>
<span class='badge badge-danger'>07.16.2023 22:34:02</span>
<span class='badge badge-default'>31:10:337</span>
&middot; <span class='uri-anchor badge badge-default'>#test-id=112</span>
</div>
<div class="m-t-15"><span class="badge badge-pill badge-default">@tag</span></div>
<div class="m-t-10 m-l-5"></div>
</div>
</div>
<div class="accordion mt-4">
  <div class="card">
    <div class="card-header" role="tab">
      <div class="card-title">
        <div class="node" id="113"><span class="badge log fail-bg mr-2">Fail</span>valiadtion of login fun</div>
          <div class="status-avatar float-right mr-4">
            <i class="fa fa-paperclip"></i>
          </div>
      </div>
    </div>
        <div class="scenario_outline ">
            <div class="card-body l1">
              <div class="card-header">
                <div class="card-title outline-child">
                  <div class="node" id="114"><span class="badge log pass-bg mr-2">Pass</span>valiadtion of login fun</div>
                </div>
              </div>
              <div class="card-body mt-3 collapse">
                  <div class="step pass-bg">
                    <span>Given user Launch URL</span>
      <div>
      </div>
                  </div>
                  <div class="step pass-bg">
                    <span>When Enter  the data "admin" and "manager"</span>
      <div>
      </div>
                  </div>
                  <div class="step pass-bg">
                    <span>And user click Login link</span>
      <div>
      </div>
                  </div>
                  <div class="step pass-bg">
                    <span>Then logout the app</span>
      <div>
      </div>
                  </div>
              </div>
            </div>
            <div class="card-body l1">
              <div class="card-header">
                <div class="card-title outline-child">
                  <div class="node" id="120"><span class="badge log pass-bg mr-2">Pass</span>valiadtion of login fun</div>
                </div>
              </div>
              <div class="card-body mt-3 collapse">
                  <div class="step pass-bg">
                    <span>Given user Launch URL</span>
      <div>
      </div>
                  </div>
                  <div class="step pass-bg">
                    <span>When Enter  the data "trainee" and "trainee"</span>
      <div>
      </div>
                  </div>
                  <div class="step pass-bg">
                    <span>And user click Login link</span>
      <div>
      </div>
                  </div>
                  <div class="step pass-bg">
                    <span>Then logout the app</span>
      <div>
      </div>
                  </div>
              </div>
            </div>
            <div class="card-body l1">
              <div class="card-header">
                <div class="card-title outline-child">
                  <div class="node" id="126"><span class="badge log fail-bg mr-2">Fail</span>valiadtion of login fun</div>
                    <div class="status-avatar float-right">
                      <i class="fa fa-paperclip"></i>
                    </div>
                </div>
              </div>
              <div class="card-body mt-3 ">
                  <div class="step pass-bg">
                    <span>Given user Launch URL</span>
      <div>
      </div>
                  </div>
                  <div class="step fail-bg">
                    <span>When Enter  the data "admin" and "trainee"</span>
      <div>
        <textarea disabled class="code-block">org.openqa.selenium.NoSuchElementException: no such element: Unable to locate element: {"method":"css selector","selector":"*[name='username']"}
  (Session info: chrome=114.0.5735.199)
For documentation on this error, please visit: https://www.seleniumhq.org/exceptions/no_such_element.html
Build info: version: '3.141.59', revision: 'e82be7d358', time: '2018-11-14T08:17:03'
System info: host: 'DESKTOP-BEH2CCO', ip: '192.168.0.143', os.name: 'Windows 10', os.arch: 'amd64', os.version: '10.0', java.version: '1.8.0_202'
Driver info: org.openqa.selenium.chrome.ChromeDriver
Capabilities {acceptInsecureCerts: false, browserName: chrome, browserVersion: 114.0.5735.199, chrome: {chromedriverVersion: 114.0.5735.90 (386bc09e8f4f..., userDataDir: C:\Users\MADHUS~1\AppData\L...}, goog:chromeOptions: {debuggerAddress: localhost:50277}, javascriptEnabled: true, networkConnectionEnabled: false, pageLoadStrategy: normal, platform: WINDOWS, platformName: WINDOWS, proxy: Proxy(), setWindowRect: true, strictFileInteractability: false, timeouts: {implicit: 0, pageLoad: 300000, script: 30000}, unhandledPromptBehavior: dismiss and notify, webauthn:extension:credBlob: true, webauthn:extension:largeBlob: true, webauthn:extension:minPinLength: true, webauthn:extension:prf: true, webauthn:virtualAuthenticators: true}
Session ID: 02cda341aebfc2600c80b679bf105a91
*** Element info: {Using=name, value=username}
	at sun.reflect.NativeConstructorAccessorImpl.newInstance0(Native Method)
	at sun.reflect.NativeConstructorAccessorImpl.newInstance(NativeConstructorAccessorImpl.java:62)
	at sun.reflect.DelegatingConstructorAccessorImpl.newInstance(DelegatingConstructorAccessorImpl.java:45)
	at java.lang.reflect.Constructor.newInstance(Constructor.java:423)
	at org.openqa.selenium.remote.http.W3CHttpResponseCodec.createException(W3CHttpResponseCodec.java:187)
	at org.openqa.selenium.remote.http.W3CHttpResponseCodec.decode(W3CHttpResponseCodec.java:122)
	at org.openqa.selenium.remote.http.W3CHttpResponseCodec.decode(W3CHttpResponseCodec.java:49)
	at org.openqa.selenium.remote.HttpCommandExecutor.execute(HttpCommandExecutor.java:158)
	at org.openqa.selenium.remote.service.DriverCommandExecutor.execute(DriverCommandExecutor.java:83)
	at org.openqa.selenium.remote.RemoteWebDriver.execute(RemoteWebDriver.java:552)
	at org.openqa.selenium.remote.RemoteWebDriver.findElement(RemoteWebDriver.java:323)
	at org.openqa.selenium.remote.RemoteWebDriver.findElementByName(RemoteWebDriver.java:404)
	at org.openqa.selenium.By$ByName.findElement(By.java:284)
	at org.openqa.selenium.remote.RemoteWebDriver.findElement(RemoteWebDriver.java:315)
	at org.openqa.selenium.support.pagefactory.DefaultElementLocator.findElement(DefaultElementLocator.java:69)
	at org.openqa.selenium.support.pagefactory.internal.LocatingElementHandler.invoke(LocatingElementHandler.java:38)
	at com.sun.proxy.$Proxy20.sendKeys(Unknown Source)
	at com.WebElements.ActiTimepage.LoginFunction(ActiTimepage.java:90)
	at StepDefinition.LoginactStep.enter_the_data_and(LoginactStep.java:14)
	at ✽.Enter  the data "admin" and "trainee"(file:///C:/Users/MadhusriChoppa/eclipse-workspace/Ecllipse_oxygen/BDDFramework_ActitimeSite/Features/Loginact.feature:7)
</textarea>
      
      </div>
                  </div>
                  <div class="step skip-bg">
                    <span>And user click Login link</span>
      <div>Step skipped
      </div>
                  </div>
                  <div class="step skip-bg">
                    <span>Then logout the app</span>
      <div>Step skipped
      </div>
                  </div>
                  <div class="step pass-bg">
                    <span>Hooks.MyHooks.screenshot(io.cucumber.java.Scenario)</span>
      <div>
          <div class="row mb-3"><div class="col-md-3">
    <img data-featherlight='../embedded7.png' src="../embedded7.png">
    
    </div></div>
</div>
                  </div>
              </div>
            </div>
        </div>
  </div>
</div>
          </div>
        </li>
      </ul>
    </div>
  </div>
<div class="test-content scrollable">
<div class="test-content-tools">
<ul><li><a class="back-to-test" href="#"><i class="fa fa-arrow-left"></i></a></li></ul>
</div>
<div class="test-content-detail"><div class="detail-body"></div></div>
</div></div>
<div class="test-wrapper row view exception-view attributes-view">
<div class="test-list">
<div class="test-list-tools">
<ul class="tools pull-left"><li><a href=""><span class="font-size-14">Exception</span></a></li></ul>
<ul class="tools text-right"><li><a href="#"><span class="badge badge-primary">1</span></a></li></ul>
</div>
<div class="test-list-wrapper scrollable">
<ul class="test-list-item">
<li class="test-item">
<div class="test-detail">
<span class="meta">
<span class='badge log badge-danger'>1</span>
</span>
<p class="name">org.openqa.selenium.NoSuchElementException</p>
<p class="duration text-sm">1 tests</p>
</div>
<div class="test-contents d-none">
<div class="info">
<h4>org.openqa.selenium.NoSuchElementException</h4>
<span status="fail" class='badge log badge-danger'>1 failed</span>
</div>
<table class='table table-sm mt-4'>
<thead>
<tr>
<th class="status-col">Status</th>
<th class="timestamp-col">Timestamp</th>
<th>TestName</th>
</tr>
</thead>
<tbody>
<tr class="tag-test-status" status="fail">
<td><span class="badge log fail-bg">Fail</span></td>
<td>22:30:32 PM</td>
<td>
<a href="#" class="linked" test-id='1' id='66'>Then user able to view "Customers & Projects"</a>
<div class="">
<span class="badge badge-default">Check All Modules Functionality.user verify the Task_lnk Fun.Then user able to view "Customers & Projects"</span>
</div>
</td>
</tr>
<tr class="tag-test-status" status="fail">
<td><span class="badge log fail-bg">Fail</span></td>
<td>22:30:58 PM</td>
<td>
<a href="#" class="linked" test-id='1' id='72'>And user enters logindetails</a>
<div class="">
<span class="badge badge-default">Check All Modules Functionality.user verify the Task_lnk search Fun.And user enters logindetails</span>
</div>
</td>
</tr>
<tr class="tag-test-status" status="fail">
<td><span class="badge log fail-bg">Fail</span></td>
<td>22:31:22 PM</td>
<td>
<a href="#" class="linked" test-id='1' id='82'>And user enters logindetails</a>
<div class="">
<span class="badge badge-default">Check All Modules Functionality.user verify logo.And user enters logindetails</span>
</div>
</td>
</tr>
<tr class="tag-test-status" status="fail">
<td><span class="badge log fail-bg">Fail</span></td>
<td>22:31:45 PM</td>
<td>
<a href="#" class="linked" test-id='1' id='89'>And user enters logindetails</a>
<div class="">
<span class="badge badge-default">Check All Modules Functionality.user checks the Notification.And user enters logindetails</span>
</div>
</td>
</tr>
<tr class="tag-test-status" status="fail">
<td><span class="badge log fail-bg">Fail</span></td>
<td>22:32:08 PM</td>
<td>
<a href="#" class="linked" test-id='1' id='99'>And user enters logindetails</a>
<div class="">
<span class="badge badge-default">Check All Modules Functionality.user checks Profile.And user enters logindetails</span>
</div>
</td>
</tr>
<tr class="tag-test-status" status="fail">
<td><span class="badge log fail-bg">Fail</span></td>
<td>22:32:31 PM</td>
<td>
<a href="#" class="linked" test-id='1' id='108'>And user enters logindetails</a>
<div class="">
<span class="badge badge-default">Check All Modules Functionality.user Logout From the App.And user enters logindetails</span>
</div>
</td>
</tr>
<tr class="tag-test-status" status="fail">
<td><span class="badge log fail-bg">Fail</span></td>
<td>22:33:42 PM</td>
<td>
<a href="#" class="linked" test-id='112' id='128'>When Enter the data "admin" and "trainee"</a>
<div class="">
<span class="badge badge-default">Login functionality.valiadtion of login fun.When Enter the data "admin" and "trainee"</span>
</div>
</td>
</tr>
</tbody>
</table>
</div>
</li>
</ul>
</div>
</div>
<div class="test-content scrollable">
<div class="test-content-detail">
<div class="detail-body"></div>
</div>
</div>
</div><div class="test-wrapper row view category-view attributes-view">
<div class="test-list">
<div class="test-list-tools">
<ul class="tools pull-left"><li><a href=""><span class="font-size-14">Category</span></a></li></ul>
<ul class="tools text-right"><li><a href="#"><span class="badge badge-primary">11</span></a></li></ul>
</div>
<div class="test-list-wrapper scrollable">
<ul class="test-list-item">
<li class="test-item">
<div class="test-detail">
<span class="meta">
<span class='badge log pass-bg'>1</span>
</span>
<p class="name">@tag3</p>
<p class="duration text-sm">1 tests</p>
</div>
<div class="test-contents d-none">
<div class="info">
<h4>@tag3</h4>
<span status="pass" class='badge log pass-bg'>1 passed</span>
</div>
<table class='table table-sm mt-4'>
<thead>
<tr>
<th class="status-col">Status</th>
<th class="timestamp-col">Timestamp</th>
<th>TestName</th>
</tr>
</thead>
<tbody>
<tr class="tag-test-status" status="pass">
<td><span class="badge log pass-bg">Pass</span></td>
<td>22:29:15 PM</td>
<td>
<a href="#" class="linked" test-id='1' id='30'>user verify the user can send invitation in Users_lnk Fun</a>
<div class="">
<span class="badge badge-default">Check All Modules Functionality.user verify the user can send invitation in Users_lnk Fun</span>
</div>
</td>
</tr>
</tbody>
</table>
</div>
</li>
<li class="test-item">
<div class="test-detail">
<span class="meta">
<span class='badge log badge-danger'>1</span>
</span>
<p class="name">@tag7</p>
<p class="duration text-sm">1 tests</p>
</div>
<div class="test-contents d-none">
<div class="info">
<h4>@tag7</h4>
<span status="fail" class='badge log badge-danger'>1 failed</span>
</div>
<table class='table table-sm mt-4'>
<thead>
<tr>
<th class="status-col">Status</th>
<th class="timestamp-col">Timestamp</th>
<th>TestName</th>
</tr>
</thead>
<tbody>
<tr class="tag-test-status" status="fail">
<td><span class="badge log fail-bg">Fail</span></td>
<td>22:30:56 PM</td>
<td>
<a href="#" class="linked" test-id='1' id='69'>user verify the Task_lnk search Fun</a>
<div class="">
<span class="badge badge-default">Check All Modules Functionality.user verify the Task_lnk search Fun</span>
</div>
</td>
</tr>
</tbody>
</table>
</div>
</li>
<li class="test-item">
<div class="test-detail">
<span class="meta">
<span class='badge log badge-danger'>1</span>
</span>
<p class="name">@tag9</p>
<p class="duration text-sm">1 tests</p>
</div>
<div class="test-contents d-none">
<div class="info">
<h4>@tag9</h4>
<span status="fail" class='badge log badge-danger'>1 failed</span>
</div>
<table class='table table-sm mt-4'>
<thead>
<tr>
<th class="status-col">Status</th>
<th class="timestamp-col">Timestamp</th>
<th>TestName</th>
</tr>
</thead>
<tbody>
<tr class="tag-test-status" status="fail">
<td><span class="badge log fail-bg">Fail</span></td>
<td>22:31:42 PM</td>
<td>
<a href="#" class="linked" test-id='1' id='86'>user checks the Notification</a>
<div class="">
<span class="badge badge-default">Check All Modules Functionality.user checks the Notification</span>
</div>
</td>
</tr>
</tbody>
</table>
</div>
</li>
<li class="test-item">
<div class="test-detail">
<span class="meta">
<span class='badge log pass-bg'>1</span>
</span>
<p class="name">@tag12</p>
<p class="duration text-sm">1 tests</p>
</div>
<div class="test-contents d-none">
<div class="info">
<h4>@tag12</h4>
<span status="pass" class='badge log pass-bg'>1 passed</span>
</div>
<table class='table table-sm mt-4'>
<thead>
<tr>
<th class="status-col">Status</th>
<th class="timestamp-col">Timestamp</th>
<th>TestName</th>
</tr>
</thead>
<tbody>
<tr class="tag-test-status" status="pass">
<td><span class="badge log pass-bg">Pass</span></td>
<td>22:28:33 PM</td>
<td>
<a href="#" class="linked" test-id='1' id='10'>user verify the performance_Report generation in Reports_lnk Fun</a>
<div class="">
<span class="badge badge-default">Check All Modules Functionality.user verify the performance_Report generation in Reports_lnk Fun</span>
</div>
</td>
</tr>
</tbody>
</table>
</div>
</li>
<li class="test-item">
<div class="test-detail">
<span class="meta">
<span class='badge log badge-danger'>1</span>
</span>
<p class="name">@tag6</p>
<p class="duration text-sm">1 tests</p>
</div>
<div class="test-contents d-none">
<div class="info">
<h4>@tag6</h4>
<span status="fail" class='badge log badge-danger'>1 failed</span>
</div>
<table class='table table-sm mt-4'>
<thead>
<tr>
<th class="status-col">Status</th>
<th class="timestamp-col">Timestamp</th>
<th>TestName</th>
</tr>
</thead>
<tbody>
<tr class="tag-test-status" status="fail">
<td><span class="badge log fail-bg">Fail</span></td>
<td>22:30:25 PM</td>
<td>
<a href="#" class="linked" test-id='1' id='61'>user verify the Task_lnk Fun</a>
<div class="">
<span class="badge badge-default">Check All Modules Functionality.user verify the Task_lnk Fun</span>
</div>
</td>
</tr>
</tbody>
</table>
</div>
</li>
<li class="test-item">
<div class="test-detail">
<span class="meta">
<span class='badge log pass-bg'>5</span>
<span class='badge log badge-danger'>2</span>
</span>
<p class="name">@tag1</p>
<p class="duration text-sm">7 tests</p>
</div>
<div class="test-contents d-none">
<div class="info">
<h4>@tag1</h4>
<span status="pass" class='badge log pass-bg'>5 passed</span>
<span status="fail" class='badge log badge-danger'>2 failed</span>
</div>
<table class='table table-sm mt-4'>
<thead>
<tr>
<th class="status-col">Status</th>
<th class="timestamp-col">Timestamp</th>
<th>TestName</th>
</tr>
</thead>
<tbody>
<tr class="tag-test-status" status="pass">
<td><span class="badge log pass-bg">Pass</span></td>
<td>22:27:53 PM</td>
<td>
<a href="#" class="linked" test-id='1' id='2'>user verify the Reports_lnk Fun</a>
<div class="">
<span class="badge badge-default">Check All Modules Functionality.user verify the Reports_lnk Fun</span>
</div>
</td>
</tr>
<tr class="tag-test-status" status="pass">
<td><span class="badge log pass-bg">Pass</span></td>
<td>22:28:57 PM</td>
<td>
<a href="#" class="linked" test-id='1' id='22'>user verify the Users_lnk Fun</a>
<div class="">
<span class="badge badge-default">Check All Modules Functionality.user verify the Users_lnk Fun</span>
</div>
</td>
</tr>
<tr class="tag-test-status" status="pass">
<td><span class="badge log pass-bg">Pass</span></td>
<td>22:30:06 PM</td>
<td>
<a href="#" class="linked" test-id='1' id='51'>user verify the Timetrack_lnk and cancel the Fun</a>
<div class="">
<span class="badge badge-default">Check All Modules Functionality.user verify the Timetrack_lnk and cancel the Fun</span>
</div>
</td>
</tr>
<tr class="tag-test-status" status="fail">
<td><span class="badge log fail-bg">Fail</span></td>
<td>22:32:52 PM</td>
<td>
<a href="#" class="linked" test-id='112' id='113'>valiadtion of login fun</a>
<div class="">
<span class="badge badge-default">Login functionality.valiadtion of login fun</span>
</div>
</td>
</tr>
<tr class="tag-test-status" status="pass">
<td><span class="badge log pass-bg">Pass</span></td>
<td>22:32:52 PM</td>
<td>
<a href="#" class="linked" test-id='112' id='114'>valiadtion of login fun</a>
<div class="">
<span class="badge badge-default">Login functionality.valiadtion of login fun</span>
</div>
</td>
</tr>
<tr class="tag-test-status" status="pass">
<td><span class="badge log pass-bg">Pass</span></td>
<td>22:33:24 PM</td>
<td>
<a href="#" class="linked" test-id='112' id='120'>valiadtion of login fun</a>
<div class="">
<span class="badge badge-default">Login functionality.valiadtion of login fun</span>
</div>
</td>
</tr>
<tr class="tag-test-status" status="fail">
<td><span class="badge log fail-bg">Fail</span></td>
<td>22:33:39 PM</td>
<td>
<a href="#" class="linked" test-id='112' id='126'>valiadtion of login fun</a>
<div class="">
<span class="badge badge-default">Login functionality.valiadtion of login fun</span>
</div>
</td>
</tr>
</tbody>
</table>
</div>
</li>
<li class="test-item">
<div class="test-detail">
<span class="meta">
<span class='badge log pass-bg'>1</span>
</span>
<p class="name">@tag4</p>
<p class="duration text-sm">1 tests</p>
</div>
<div class="test-contents d-none">
<div class="info">
<h4>@tag4</h4>
<span status="pass" class='badge log pass-bg'>1 passed</span>
</div>
<table class='table table-sm mt-4'>
<thead>
<tr>
<th class="status-col">Status</th>
<th class="timestamp-col">Timestamp</th>
<th>TestName</th>
</tr>
</thead>
<tbody>
<tr class="tag-test-status" status="pass">
<td><span class="badge log pass-bg">Pass</span></td>
<td>22:29:47 PM</td>
<td>
<a href="#" class="linked" test-id='1' id='41'>user verify the Timetrack_lnk Fun</a>
<div class="">
<span class="badge badge-default">Check All Modules Functionality.user verify the Timetrack_lnk Fun</span>
</div>
</td>
</tr>
</tbody>
</table>
</div>
</li>
<li class="test-item">
<div class="test-detail">
<span class="meta">
<span class='badge log pass-bg'>2</span>
<span class='badge log badge-danger'>2</span>
</span>
<p class="name">@tag</p>
<p class="duration text-sm">4 tests</p>
</div>
<div class="test-contents d-none">
<div class="info">
<h4>@tag</h4>
<span status="pass" class='badge log pass-bg'>2 passed</span>
<span status="fail" class='badge log badge-danger'>2 failed</span>
</div>
<table class='table table-sm mt-4'>
<thead>
<tr>
<th class="status-col">Status</th>
<th class="timestamp-col">Timestamp</th>
<th>TestName</th>
</tr>
</thead>
<tbody>
<tr class="tag-test-status" status="fail">
<td><span class="badge log fail-bg">Fail</span></td>
<td>22:32:52 PM</td>
<td>
<a href="#" class="linked" test-id='112' id='112'>Login functionality</a>
</td>
</tr>
<tr class="tag-test-status" status="pass">
<td><span class="badge log pass-bg">Pass</span></td>
<td>22:32:52 PM</td>
<td>
<a href="#" class="linked" test-id='112' id='114'>valiadtion of login fun</a>
<div class="">
<span class="badge badge-default">Login functionality.valiadtion of login fun</span>
</div>
</td>
</tr>
<tr class="tag-test-status" status="pass">
<td><span class="badge log pass-bg">Pass</span></td>
<td>22:33:24 PM</td>
<td>
<a href="#" class="linked" test-id='112' id='120'>valiadtion of login fun</a>
<div class="">
<span class="badge badge-default">Login functionality.valiadtion of login fun</span>
</div>
</td>
</tr>
<tr class="tag-test-status" status="fail">
<td><span class="badge log fail-bg">Fail</span></td>
<td>22:33:39 PM</td>
<td>
<a href="#" class="linked" test-id='112' id='126'>valiadtion of login fun</a>
<div class="">
<span class="badge badge-default">Login functionality.valiadtion of login fun</span>
</div>
</td>
</tr>
</tbody>
</table>
</div>
</li>
<li class="test-item">
<div class="test-detail">
<span class="meta">
<span class='badge log badge-danger'>1</span>
</span>
<p class="name">@tag8</p>
<p class="duration text-sm">1 tests</p>
</div>
<div class="test-contents d-none">
<div class="info">
<h4>@tag8</h4>
<span status="fail" class='badge log badge-danger'>1 failed</span>
</div>
<table class='table table-sm mt-4'>
<thead>
<tr>
<th class="status-col">Status</th>
<th class="timestamp-col">Timestamp</th>
<th>TestName</th>
</tr>
</thead>
<tbody>
<tr class="tag-test-status" status="fail">
<td><span class="badge log fail-bg">Fail</span></td>
<td>22:31:19 PM</td>
<td>
<a href="#" class="linked" test-id='1' id='79'>user verify logo</a>
<div class="">
<span class="badge badge-default">Check All Modules Functionality.user verify logo</span>
</div>
</td>
</tr>
</tbody>
</table>
</div>
</li>
<li class="test-item">
<div class="test-detail">
<span class="meta">
<span class='badge log badge-danger'>1</span>
</span>
<p class="name">@tag10</p>
<p class="duration text-sm">1 tests</p>
</div>
<div class="test-contents d-none">
<div class="info">
<h4>@tag10</h4>
<span status="fail" class='badge log badge-danger'>1 failed</span>
</div>
<table class='table table-sm mt-4'>
<thead>
<tr>
<th class="status-col">Status</th>
<th class="timestamp-col">Timestamp</th>
<th>TestName</th>
</tr>
</thead>
<tbody>
<tr class="tag-test-status" status="fail">
<td><span class="badge log fail-bg">Fail</span></td>
<td>22:32:06 PM</td>
<td>
<a href="#" class="linked" test-id='1' id='96'>user checks Profile</a>
<div class="">
<span class="badge badge-default">Check All Modules Functionality.user checks Profile</span>
</div>
</td>
</tr>
</tbody>
</table>
</div>
</li>
<li class="test-item">
<div class="test-detail">
<span class="meta">
<span class='badge log badge-danger'>1</span>
</span>
<p class="name">@tag11</p>
<p class="duration text-sm">1 tests</p>
</div>
<div class="test-contents d-none">
<div class="info">
<h4>@tag11</h4>
<span status="fail" class='badge log badge-danger'>1 failed</span>
</div>
<table class='table table-sm mt-4'>
<thead>
<tr>
<th class="status-col">Status</th>
<th class="timestamp-col">Timestamp</th>
<th>TestName</th>
</tr>
</thead>
<tbody>
<tr class="tag-test-status" status="fail">
<td><span class="badge log fail-bg">Fail</span></td>
<td>22:32:29 PM</td>
<td>
<a href="#" class="linked" test-id='1' id='105'>user Logout From the App</a>
<div class="">
<span class="badge badge-default">Check All Modules Functionality.user Logout From the App</span>
</div>
</td>
</tr>
</tbody>
</table>
</div>
</li>
</ul>
</div>
</div>
<div class="test-content scrollable">
<div class="test-content-detail">
<div class="detail-body"></div>
</div>
</div>
</div><div class="container-fluid p-4 view dashboard-view">
<div class="row">
<div class="col-md-3">
<div class="card"><div class="card-body">
<p class="m-b-0">Started</p>
<h3>Jul 16, 2023 10:27:47 PM</h3>
</div></div>
</div>
<div class="col-md-3">
<div class="card"><div class="card-body">
<p class="m-b-0">Ended</p>
<h3>Jul 16, 2023 10:34:04 PM</h3>
</div></div>
</div>
<div class="col-md-3">
<div class="card"><div class="card-body">
<p class="m-b-0 text-pass">Features Passed</p>
<h3>0</h3>
</div></div>
</div>
<div class="col-md-3">
<div class="card"><div class="card-body">
<p class="m-b-0 text-fail">Features Failed</p>
<h3>2</h3>
</div></div>
</div>
</div>
<div class="row">
<div class="col-md-4">
<div class="card">
<div class="card-header">
<h6 class="card-title">Features</h6>
</div>
<div class="card-body">
<div class="">
<canvas id='parent-analysis' width='115' height='90'></canvas>
</div>
</div>
<div class="card-footer">
<div><small data-tooltip='0%'>
<b>0</b> features passed
</small>
</div>
<div>
<small data-tooltip='100%'><b>2</b> features failed,
<b>0</b> skipped, <b data-tooltip='0%'>0</b> others
</small>
</div>
</div>
</div>
</div>
<div class="col-md-4">
<div class="card">
<div class="card-header">
<h6 class="card-title">Scenarios</h6>
</div>
<div class="card-body">
<div class="">
<canvas id='child-analysis' width='115' height='90'></canvas>
</div>
</div>
<div class="card-footer">
<div><small data-tooltip='53%'><b>8</b> scenarios passed</small></div>
<div>
<small data-tooltip='46%'><b>7</b> scenarios failed,
<b>0</b> skipped, <b data-tooltip='%'>0</b> others
</small>
</div>
</div>
</div>
</div>
<div class="col-md-4">
<div class="card">
<div class="card-header">
<h6 class="card-title">Steps</h6>
</div>
<div class="card-body">
<div class="">
<canvas id='grandchild-analysis' width='115' height='90'></canvas>
</div>
</div>
<div class="card-footer">
<div><small data-tooltip='73%'><b>77</b> steps passed</small></div>
<div>
<small data-tooltip='6%'><b>7</b> steps failed,
<b>21</b> skipped, <b data-tooltip='%'>0</b> others
</small>
</div>
</div>
</div>
</div>
</div>
<div class="row"><div class="col-md-12">
<div class="card"><div class="card-header"><p>Timeline</p></div>
<div class="card-body pt-0"><div>
<canvas id="timeline" height="120"></canvas>
</div></div>
</div>
</div></div>
<script>
var timeline = {
"Check All Modules Functionality":298.99,"Login functionality":70.337
};
</script>
<div class="row">
<div class="col-md-4 category-container">
<div class="card">
<div class="card-header"><p>Tags</p></div>
<div class="card-body pb-0 pt-0"><table class="table table-sm table-bordered">
<thead><tr class="bg-gray"><th>Name</th><th>Passed</th><th>Failed</th><th>Skipped</th><th>Others</th><th>Passed %</th></tr></thead><tbody>
<tr>
<td>@tag3</td>
<td>1</td>
<td>0</td>
<td>0</td>
<td>0</td>
<td>100%</td>
</tr>
<tr>
<td>@tag7</td>
<td>0</td>
<td>1</td>
<td>0</td>
<td>0</td>
<td>0%</td>
</tr>
<tr>
<td>@tag9</td>
<td>0</td>
<td>1</td>
<td>0</td>
<td>0</td>
<td>0%</td>
</tr>
<tr>
<td>@tag12</td>
<td>1</td>
<td>0</td>
<td>0</td>
<td>0</td>
<td>100%</td>
</tr>
<tr>
<td>@tag6</td>
<td>0</td>
<td>1</td>
<td>0</td>
<td>0</td>
<td>0%</td>
</tr>
<tr>
<td>@tag1</td>
<td>5</td>
<td>2</td>
<td>0</td>
<td>0</td>
<td>71.429%</td>
</tr>
<tr>
<td>@tag4</td>
<td>1</td>
<td>0</td>
<td>0</td>
<td>0</td>
<td>100%</td>
</tr>
<tr>
<td>@tag</td>
<td>2</td>
<td>2</td>
<td>0</td>
<td>0</td>
<td>50%</td>
</tr>
<tr>
<td>@tag8</td>
<td>0</td>
<td>1</td>
<td>0</td>
<td>0</td>
<td>0%</td>
</tr>
<tr>
<td>@tag10</td>
<td>0</td>
<td>1</td>
<td>0</td>
<td>0</td>
<td>0%</td>
</tr>
<tr>
<td>@tag11</td>
<td>0</td>
<td>1</td>
<td>0</td>
<td>0</td>
<td>0%</td>
</tr>
</tbody>
</table></div>
</div>
</div>
<div class="col-md-4 sysenv-container">
<div class="card">
<div class="card-header"><p>System/Environment</p></div>
<div class="card-body pb-0 pt-0"><table class="table table-sm table-bordered">
<thead><tr class="bg-gray"><th>Name</th><th>Value</th></tr></thead>
<tbody>
<tr>
<td>build</td>
<td>1.1</td>
</tr>
<tr>
<td>user</td>
<td>Madhusri</td>
</tr>
<tr>
<td>os</td>
<td>window</td>
</tr>
</tbody>
</table></div>
</div>
</div>
</div>
</div>
<script>
var statusGroup = {
parentCount: 5,
passParent: 0,
failParent: 2,
warningParent: 0,
skipParent: 0,
childCount: 5,
passChild: 8,
failChild: 7,
warningChild: 0,
skipChild: 0,
infoChild: 0,
grandChildCount: 5,
passGrandChild: 77,
failGrandChild: 7,
warningGrandChild: 0,
skipGrandChild: 21,
infoGrandChild: 0,
eventsCount: 5,
};
</script>        </div>
      </div>
    </div>
  </div>
<script src="https://cdn.jsdelivr.net/gh/extent-framework/extent-github-cdn@14e9bb345ef7e2ed3a102f271d84e9f0267c88e7/spark/js/spark-script.js"></script>
<script type="text/javascript"></script></body>
</html>