<?xml version="1.0" encoding="UTF-8"?>
<!-- Generated by org.testng.reporters.JUnitXMLReporter -->
<testsuite hostname="DESKTOP-BEH2CCO" name="Default test" tests="7" failures="1" timestamp="26 May 2023 06:42:00 GMT" time="60.496" errors="0">
  <testcase name="runScenario" time="31.342" classname="ParallelRun.MyTestRunner"/>
  <testcase name="runScenario" time="31.408" classname="ParallelRun.MyTestRunner">
    <failure type="java.lang.AssertionError">
      <![CDATA[java.lang.AssertionError
	at org.junit.Assert.fail(Assert.java:87)
	at org.junit.Assert.assertTrue(Assert.java:42)
	at org.junit.Assert.assertTrue(Assert.java:53)
	at StepDefinition.LoginSteps.user_validate_the_title(LoginSteps.java:30)
	at âœ½.user validate the title "Free CRM  - CRM software for customer relationship management, sales, and support."(file:///C:/Users/MadhusriChoppa/eclipse-workspace/Ecllipse_oxygen/HybridFramework_POM/src/test/resources/Feature/LoginPage.feature:6)
]]>
    </failure>
  </testcase> <!-- runScenario -->
  <testcase name="runScenario" time="48.693" classname="ParallelRun.MyTestRunner"/>
  <testcase name="runScenario" time="48.882" classname="ParallelRun.MyTestRunner"/>
  <testcase name="runScenario" time="49.13" classname="ParallelRun.MyTestRunner"/>
  <testcase name="runScenario" time="49.281" classname="ParallelRun.MyTestRunner"/>
  <testcase name="runScenario" time="50.099" classname="ParallelRun.MyTestRunner"/>
</testsuite> <!-- Default test -->
